# JRE version: OpenJDK Runtime Environment (17.0.6) (build 17.0.6+0-b2043.56-10027231)
# Java VM: OpenJDK 64-Bit Server VM (17.0.6+0-b2043.56-10027231, mixed mode, tiered, compressed oops, compressed class ptrs, g1 gc, windows-amd64)
GC Precious Log:
 CPUs: 16 total, 16 available
 Memory: 32654M
 Large Page Support: Disabled
 NUMA Support: Disabled
 Compressed Oops: Enabled (32-bit)
 Heap Region Size: 1M
 Heap Min Capacity: 8M
 Heap Initial Capacity: 512M
 Heap Max Capacity: 2G
 Pre-touch: Disabled
 Parallel Workers: 13
 Concurrent Workers: 3
 Concurrent Refinement Workers: 13
 Periodic GC: Disabled
Heap:
 garbage-first heap   total 293888K, used 234762K [0x0000000080000000, 0x0000000100000000)
  region size 1024K, 67 young (68608K), 2 survivors (2048K)
 Metaspace       used 140428K, committed 141184K, reserved 1179648K
  class space    used 17982K, committed 18368K, reserved 1048576K
GC Heap History (20 events):
Event: 7.026 GC heap before
{Heap before GC invocations=21 (full 0):
 garbage-first heap   total 270336K, used 221779K [0x0000000080000000, 0x0000000100000000)
  region size 1024K, 119 young (121856K), 13 survivors (13312K)
 Metaspace       used 112837K, committed 113472K, reserved 1155072K
  class space    used 14425K, committed 14720K, reserved 1048576K
}
Event: 7.029 GC heap after
{Heap after GC invocations=22 (full 0):
 garbage-first heap   total 270336K, used 114593K [0x0000000080000000, 0x0000000100000000)
  region size 1024K, 7 young (7168K), 7 survivors (7168K)
 Metaspace       used 112837K, committed 113472K, reserved 1155072K
  class space    used 14425K, committed 14720K, reserved 1048576K
}
Event: 7.080 GC heap before
{Heap before GC invocations=22 (full 0):
 garbage-first heap   total 270336K, used 119713K [0x0000000080000000, 0x0000000100000000)
  region size 1024K, 13 young (13312K), 7 survivors (7168K)
 Metaspace       used 113616K, committed 114240K, reserved 1155072K
  class space    used 14559K, committed 14848K, reserved 1048576K
}
Event: 7.083 GC heap after
{Heap after GC invocations=23 (full 0):
 garbage-first heap   total 270336K, used 114481K [0x0000000080000000, 0x0000000100000000)
  region size 1024K, 7 young (7168K), 7 survivors (7168K)
 Metaspace       used 113616K, committed 114240K, reserved 1155072K
  class space    used 14559K, committed 14848K, reserved 1048576K
}
Event: 8.148 GC heap before
{Heap before GC invocations=24 (full 0):
 garbage-first heap   total 270336K, used 235313K [0x0000000080000000, 0x0000000100000000)
  region size 1024K, 116 young (118784K), 7 survivors (7168K)
 Metaspace       used 123768K, committed 124480K, reserved 1163264K
  class space    used 15898K, committed 16256K, reserved 1048576K
}
Event: 8.153 GC heap after
{Heap after GC invocations=25 (full 0):
 garbage-first heap   total 270336K, used 134755K [0x0000000080000000, 0x0000000100000000)
  region size 1024K, 15 young (15360K), 15 survivors (15360K)
 Metaspace       used 123768K, committed 124480K, reserved 1163264K
  class space    used 15898K, committed 16256K, reserved 1048576K
}
Event: 8.157 GC heap before
{Heap before GC invocations=25 (full 0):
 garbage-first heap   total 270336K, used 134755K [0x0000000080000000, 0x0000000100000000)
  region size 1024K, 16 young (16384K), 15 survivors (15360K)
 Metaspace       used 123793K, committed 124480K, reserved 1163264K
  class space    used 15901K, committed 16256K, reserved 1048576K
}
Event: 8.161 GC heap after
{Heap after GC invocations=26 (full 0):
 garbage-first heap   total 270336K, used 136842K [0x0000000080000000, 0x0000000100000000)
  region size 1024K, 2 young (2048K), 2 survivors (2048K)
 Metaspace       used 123793K, committed 124480K, reserved 1163264K
  class space    used 15901K, committed 16256K, reserved 1048576K
}
Event: 8.667 GC heap before
{Heap before GC invocations=26 (full 0):
 garbage-first heap   total 270336K, used 195210K [0x0000000080000000, 0x0000000100000000)
  region size 1024K, 60 young (61440K), 2 survivors (2048K)
 Metaspace       used 132226K, committed 133056K, reserved 1171456K
  class space    used 17010K, committed 17408K, reserved 1048576K
}
Event: 8.669 GC heap after
{Heap after GC invocations=27 (full 0):
 garbage-first heap   total 270336K, used 139329K [0x0000000080000000, 0x0000000100000000)
  region size 1024K, 5 young (5120K), 5 survivors (5120K)
 Metaspace       used 132226K, committed 133056K, reserved 1171456K
  class space    used 17010K, committed 17408K, reserved 1048576K
}
Event: 9.245 GC heap before
{Heap before GC invocations=28 (full 0):
 garbage-first heap   total 270336K, used 224321K [0x0000000080000000, 0x0000000100000000)
  region size 1024K, 82 young (83968K), 5 survivors (5120K)
 Metaspace       used 138902K, committed 139648K, reserved 1171456K
  class space    used 17894K, committed 18240K, reserved 1048576K
}
Event: 9.248 GC heap after
{Heap after GC invocations=29 (full 0):
 garbage-first heap   total 270336K, used 145083K [0x0000000080000000, 0x0000000100000000)
  region size 1024K, 11 young (11264K), 11 survivors (11264K)
 Metaspace       used 138902K, committed 139648K, reserved 1171456K
  class space    used 17894K, committed 18240K, reserved 1048576K
}
Event: 9.264 GC heap before
{Heap before GC invocations=29 (full 0):
 garbage-first heap   total 270336K, used 146107K [0x0000000080000000, 0x0000000100000000)
  region size 1024K, 13 young (13312K), 11 survivors (11264K)
 Metaspace       used 139170K, committed 139968K, reserved 1171456K
  class space    used 17925K, committed 18304K, reserved 1048576K
}
Event: 9.266 GC heap after
{Heap after GC invocations=30 (full 0):
 garbage-first heap   total 270336K, used 143363K [0x0000000080000000, 0x0000000100000000)
  region size 1024K, 2 young (2048K), 2 survivors (2048K)
 Metaspace       used 139170K, committed 139968K, reserved 1171456K
  class space    used 17925K, committed 18304K, reserved 1048576K
}
Event: 9.470 GC heap before
{Heap before GC invocations=30 (full 0):
 garbage-first heap   total 270336K, used 220163K [0x0000000080000000, 0x0000000100000000)
  region size 1024K, 77 young (78848K), 2 survivors (2048K)
 Metaspace       used 139500K, committed 140288K, reserved 1171456K
  class space    used 17952K, committed 18368K, reserved 1048576K
}
Event: 9.477 GC heap after
{Heap after GC invocations=31 (full 0):
 garbage-first heap   total 270336K, used 161673K [0x0000000080000000, 0x0000000100000000)
  region size 1024K, 10 young (10240K), 10 survivors (10240K)
 Metaspace       used 139500K, committed 140288K, reserved 1171456K
  class space    used 17952K, committed 18368K, reserved 1048576K
}
Event: 9.616 GC heap before
{Heap before GC invocations=32 (full 0):
 garbage-first heap   total 293888K, used 219017K [0x0000000080000000, 0x0000000100000000)
  region size 1024K, 65 young (66560K), 10 survivors (10240K)
 Metaspace       used 139621K, committed 140416K, reserved 1171456K
  class space    used 17952K, committed 18368K, reserved 1048576K
}
Event: 9.621 GC heap after
{Heap after GC invocations=33 (full 0):
 garbage-first heap   total 293888K, used 169560K [0x0000000080000000, 0x0000000100000000)
  region size 1024K, 7 young (7168K), 7 survivors (7168K)
 Metaspace       used 139621K, committed 140416K, reserved 1171456K
  class space    used 17952K, committed 18368K, reserved 1048576K
}
Event: 9.650 GC heap before
{Heap before GC invocations=33 (full 0):
 garbage-first heap   total 293888K, used 176728K [0x0000000080000000, 0x0000000100000000)
  region size 1024K, 14 young (14336K), 7 survivors (7168K)
 Metaspace       used 139695K, committed 140480K, reserved 1171456K
  class space    used 17952K, committed 18368K, reserved 1048576K
}
Event: 9.653 GC heap after
{Heap after GC invocations=34 (full 0):
 garbage-first heap   total 293888K, used 169226K [0x0000000080000000, 0x0000000100000000)
  region size 1024K, 2 young (2048K), 2 survivors (2048K)
 Metaspace       used 139695K, committed 140480K, reserved 1171456K
  class space    used 17952K, committed 18368K, reserved 1048576K
}

